2022-03-11 06:03:30:330 [32minfo[39m: [32malsdkfj[39m
2022-03-11 06:03:34:334 [32minfo[39m: [32malsdkfj[39m
2022-03-11 06:04:32:432 [32minfo[39m: [32malsdkfj[39m
2022-03-11 06:04:37:437 [35mhttp[39m: [35mGET /api/v1/test 304 - - 16.872 ms[39m
[35m[39m
2022-03-11 06:04:55:455 [35mhttp[39m: [35mGET /api/v1/test 304 - - 7.814 ms[39m
[35m[39m
2022-03-11 06:06:02:62 [32minfo[39m: [32malsdkfj[39m
2022-03-11 06:06:25:625 [35mhttp[39m: [35mGET /api/v1/test 304 - - 19.914 ms[39m
[35m[39m
2022-03-11 06:06:57:657 [32minfo[39m: [32malsdkfj[39m
2022-03-11 06:06:57:657 [37mdebug[39m: [37mlistening to port 8080[39m
2022-03-11 06:08:18:818 [32minfo[39m: [32malsdkfj[39m
2022-03-11 06:08:18:818 [37mdebug[39m: [37mlistening to port 8080[39m
2022-03-11 06:08:38:838 [32minfo[39m: [32malsdkfj[39m
2022-03-11 06:08:38:838 [37mdebug[39m: [37mlistening to port 8080[39m
2022-03-11 06:08:52:852 [32minfo[39m: [32malsdkfj[39m
2022-03-11 06:08:52:852 [37mdebug[39m: [37mlistening to port 8080[39m
2022-03-11 06:09:36:936 [32minfo[39m: [32malsdkfj[39m
2022-03-11 06:09:36:936 [37mdebug[39m: [37mlistening to port 8080[39m
2022-03-11 06:09:50:950 [32minfo[39m: [32malsdkfj[39m
2022-03-11 06:09:50:950 [37mdebug[39m: [37mlistening to port 8080[39m
2022-03-11 06:09:51:951 [32minfo[39m: [32malsdkfj[39m
2022-03-11 06:09:51:951 [37mdebug[39m: [37mlistening to port 8080[39m
2022-03-11 06:09:56:956 [35mhttp[39m: [35mGET /api/v1/test 304 - - 17.603 ms[39m
[35m[39m
2022-03-11 06:12:56:1256 [37mdebug[39m: [37mlistening to port 8080[39m
2022-03-11 06:13:56:1356 [35mhttp[39m: [35mGET /api/v1/test 304 - - 19.681 ms[39m
[35m[39m
2022-03-11 11:55:54:5554 [37mdebug[39m: [37mlistening to port 8080[39m
2022-03-11 11:58:40:5840 [37mdebug[39m: [37mlistening to port 8080[39m
2022-03-11 13:45:50:4550 [37mdebug[39m: [37mlistening to port 8080[39m
2022-03-11 13:45:58:4558 [37mdebug[39m: [37mlistening to port 8080[39m
2022-03-11 13:46:16:4616 [37mdebug[39m: [37mlistening to port 8080[39m
2022-03-11 13:46:33:4633 [37mdebug[39m: [37mlistening to port 8080[39m
2022-03-11 13:47:32:4732 [37mdebug[39m: [37mlistening to port 8080[39m
2022-03-11 13:47:37:4737 [37mdebug[39m: [37mlistening to port 8080[39m
2022-03-11 13:51:27:5127 [37mdebug[39m: [37mlistening to port 8080[39m
2022-03-11 13:52:59:5259 [37mdebug[39m: [37mlistening to port 8080[39m
2022-03-11 13:53:09:539 [37mdebug[39m: [37mlistening to port 8080[39m
2022-03-11 13:53:48:5348 [37mdebug[39m: [37mlistening to port 8080[39m
2022-03-11 13:54:09:549 [37mdebug[39m: [37mlistening to port 8080[39m
2022-03-11 13:54:09:549 [31merror[39m: [31mCannot find module '../../controllers/adminAuth/index'[39m
[31mRequire stack:[39m
[31m- /Users/kouroshtajalliepour/Documents/work-space/test-microservice/nodetspractice/dist/src/application/modules/getFunctions.js[39m
[31m- /Users/kouroshtajalliepour/Documents/work-space/test-microservice/nodetspractice/dist/src/application/setRoutes.js[39m
[31m- /Users/kouroshtajalliepour/Documents/work-space/test-microservice/nodetspractice/dist/src/application/index.js[39m
[31m- /Users/kouroshtajalliepour/Documents/work-space/test-microservice/nodetspractice/dist/server.js[39m
2022-03-11 13:54:23:5423 [37mdebug[39m: [37mlistening to port 8080[39m
2022-03-11 13:55:46:5546 [37mdebug[39m: [37mlistening to port 8080[39m
2022-03-11 13:55:54:5554 [37mdebug[39m: [37mlistening to port 8080[39m
2022-03-11 13:57:16:5716 [37mdebug[39m: [37mlistening to port 8080[39m
2022-03-11 13:57:20:5720 [37mdebug[39m: [37mlistening to port 8080[39m
2022-03-11 13:57:20:5720 [31merror[39m: [31mitems.forEach is not a function[39m
2022-03-11 13:57:33:5733 [37mdebug[39m: [37mlistening to port 8080[39m
2022-03-11 13:57:33:5733 [31merror[39m: [31mitems.forEach is not a function[39m
2022-03-11 13:58:15:5815 [37mdebug[39m: [37mlistening to port 8080[39m
2022-03-11 13:58:15:5815 [31merror[39m: [31mitems.forEach is not a function[39m
2022-03-11 13:58:18:5818 [37mdebug[39m: [37mlistening to port 8080[39m
2022-03-11 13:58:18:5818 [31merror[39m: [31mitems.forEach is not a function[39m
2022-03-11 13:58:25:5825 [31merror[39m: [31mCannot destructure property 'port' of 'keys.serverInfo' as it is undefined.[39m
2022-03-11 13:58:25:5825 [31merror[39m: [31mitems.forEach is not a function[39m
2022-03-11 13:58:35:5835 [31merror[39m: [31mCannot destructure property 'port' of 'keys.serverInfo' as it is undefined.[39m
2022-03-11 13:58:35:5835 [31merror[39m: [31mitems.forEach is not a function[39m
2022-03-12 06:44:56:4456 [37mdebug[39m: [37mlistening to port 8080[39m
2022-03-12 06:47:26:4726 [37mdebug[39m: [37mlistening to port 8080[39m
2022-03-12 06:48:43:4843 [37mdebug[39m: [37mlistening to port 8080[39m
2022-03-12 06:49:19:4919 [37mdebug[39m: [37mlistening to port 8080[39m
2022-03-12 06:49:35:4935 [37mdebug[39m: [37mlistening to port 8080[39m
2022-03-12 06:49:50:4950 [37mdebug[39m: [37mlistening to port 8080[39m
2022-03-12 06:49:57:4957 [37mdebug[39m: [37mlistening to port 8080[39m
2022-03-12 06:50:02:502 [35mhttp[39m: [35mGET /api/v1/login 404 151 - 8.308 ms[39m
[35m[39m
2022-03-12 06:50:49:5049 [37mdebug[39m: [37mlistening to port 8080[39m
2022-03-12 06:50:51:5051 [37mdebug[39m: [37mlistening to port 8080[39m
2022-03-12 06:51:10:5110 [35mhttp[39m: [35mGET /api/v1 404 145 - 7.380 ms[39m
[35m[39m
2022-03-12 06:51:16:5116 [35mhttp[39m: [35mGET /api/v1/admin/login 404 157 - 3.622 ms[39m
[35m[39m
2022-03-12 06:51:26:5126 [37mdebug[39m: [37mlistening to port 8080[39m
2022-03-12 06:51:27:5127 [31merror[39m: [31mrequire(...) is not a function[39m
2022-03-12 06:51:59:5159 [37mdebug[39m: [37mlistening to port 8080[39m
2022-03-12 06:52:00:520 [31merror[39m: [31mrequire(...) is not a function[39m
2022-03-12 06:52:06:526 [35mhttp[39m: [35mGET /api/v1/admin/login - - - - ms[39m
[35m[39m
2022-03-12 06:52:06:526 [31merror[39m: [31mrequire(...) is not a function[39m
2022-03-12 06:53:39:5339 [37mdebug[39m: [37mlistening to port 8080[39m
2022-03-12 06:53:53:5353 [37mdebug[39m: [37mlistening to port 8080[39m
2022-03-12 06:53:56:5356 [35mhttp[39m: [35mGET /api/v1/admin/login 500 37 - 14.660 ms[39m
[35m[39m
2022-03-12 06:54:55:5455 [37mdebug[39m: [37mlistening to port 8080[39m
2022-03-12 06:54:56:5456 [35mhttp[39m: [35mGET /api/v1/admin/login 500 37 - 17.168 ms[39m
[35m[39m
2022-03-12 06:55:04:554 [37mdebug[39m: [37mlistening to port 8080[39m
2022-03-12 06:55:08:558 [35mhttp[39m: [35mGET /api/v1/admin/login 500 37 - 16.284 ms[39m
[35m[39m
2022-03-12 06:55:36:5536 [37mdebug[39m: [37malsdkjf[39m
2022-03-12 06:55:36:5536 [37mdebug[39m: [37mlistening to port 8080[39m
2022-03-12 06:55:46:5546 [37mdebug[39m: [37mlistening to port 8080[39m
2022-03-12 06:56:04:564 [37mdebug[39m: [37mlistening to port 8080[39m
2022-03-12 06:56:05:565 [37mdebug[39m: [37mlistening to port 8080[39m
2022-03-12 06:56:07:567 [37mdebug[39m: [37mlkkjsdhfk[39m
2022-03-12 06:56:07:567 [35mhttp[39m: [35mGET /api/v1/admin/login 500 37 - 16.117 ms[39m
[35m[39m
2022-03-12 06:56:57:5657 [37mdebug[39m: [37mlistening to port 8080[39m
2022-03-12 06:57:00:570 [37mdebug[39m: [37mlkkjsdhfk[39m
2022-03-12 06:57:00:570 [31merror[39m: [31mcontroller is not a function[39m
2022-03-12 06:57:00:570 [35mhttp[39m: [35mGET /api/v1/admin/login 500 37 - 18.884 ms[39m
[35m[39m
2022-03-12 06:57:52:5752 [37mdebug[39m: [37mlistening to port 8080[39m
2022-03-12 06:57:59:5759 [37mdebug[39m: [37mlistening to port 8080[39m
2022-03-12 06:58:08:588 [37mdebug[39m: [37mlistening to port 8080[39m
2022-03-12 06:58:17:5817 [37mdebug[39m: [37mlistening to port 8080[39m
2022-03-12 06:58:17:5817 [37mdebug[39m: [37mlistening to port 8080[39m
2022-03-12 06:58:29:5829 [37mdebug[39m: [37mlistening to port 8080[39m
2022-03-12 06:58:35:5835 [37mdebug[39m: [37mlistening to port 8080[39m
2022-03-12 06:58:38:5838 [37mdebug[39m: [37mlistening to port 8080[39m
2022-03-12 06:58:43:5843 [37mdebug[39m: [37mlistening to port 8080[39m
2022-03-12 06:58:46:5846 [37mdebug[39m: [37mlkkjsdhfk[39m
2022-03-12 06:58:46:5846 [37mdebug[39m: [37myoyoyo[39m
2022-03-12 06:58:46:5846 [31merror[39m: [31mCannot read property 'headers' of undefined[39m
2022-03-12 06:58:46:5846 [35mhttp[39m: [35mGET /api/v1/admin/login 500 37 - 19.774 ms[39m
[35m[39m
2022-03-12 07:00:25:025 [37mdebug[39m: [37mlistening to port 8080[39m
2022-03-12 07:00:28:028 [37mdebug[39m: [37mlkkjsdhfk[39m
2022-03-12 07:00:28:028 [31merror[39m: [31mCannot read property 'headers' of undefined[39m
2022-03-12 07:00:28:028 [35mhttp[39m: [35mGET /api/v1/admin/login 500 37 - 23.097 ms[39m
[35m[39m
2022-03-12 07:01:36:136 [37mdebug[39m: [37mlistening to port 8080[39m
2022-03-12 07:01:37:137 [37mdebug[39m: [37mlistening to port 8080[39m
2022-03-12 07:01:39:139 [37mdebug[39m: [37mlkkjsdhfk[39m
2022-03-12 07:01:39:139 [35mhttp[39m: [35mGET /api/v1/admin/login 200 43 - 17.746 ms[39m
[35m[39m
2022-03-12 07:03:05:35 [37mdebug[39m: [37mlistening to port 8080[39m
2022-03-12 07:03:06:36 [37mdebug[39m: [37mlistening to port 8080[39m
2022-03-12 07:03:08:38 [37mdebug[39m: [37mlkkjsdhfk[39m
2022-03-12 07:03:09:39 [35mhttp[39m: [35mGET /api/v1/admin/login 304 - - 23.821 ms[39m
[35m[39m
2022-03-12 07:03:43:343 [37mdebug[39m: [37mlistening to port 8080[39m
2022-03-12 07:03:44:344 [37mdebug[39m: [37mlistening to port 8080[39m
2022-03-12 07:03:47:347 [37mdebug[39m: [37mlkkjsdhfk[39m
2022-03-12 07:03:47:347 [35mhttp[39m: [35mGET /api/v1/admin/login 304 - - 22.281 ms[39m
[35m[39m
2022-03-12 07:04:10:410 [37mdebug[39m: [37mlistening to port 8080[39m
2022-03-12 07:04:13:413 [37mdebug[39m: [37mlkkjsdhfk[39m
2022-03-12 07:04:13:413 [35mhttp[39m: [35mGET /api/v1/admin/login 304 - - 27.476 ms[39m
[35m[39m
2022-03-12 07:04:44:444 [37mdebug[39m: [37mlistening to port 8080[39m
2022-03-12 07:05:02:52 [37mdebug[39m: [37mlistening to port 8080[39m
2022-03-12 07:05:03:53 [37mdebug[39m: [37mlistening to port 8080[39m
2022-03-12 07:05:16:516 [37mdebug[39m: [37mfalse[39m
2022-03-12 07:05:16:516 [35mhttp[39m: [35mGET /api/v1/admin/login 200 43 - 17.847 ms[39m
[35m[39m
2022-03-12 07:05:54:554 [37mdebug[39m: [37mfalse[39m
2022-03-12 07:05:54:554 [35mhttp[39m: [35mGET /api/v1/admin/login 304 - - 16.151 ms[39m
[35m[39m
2022-03-12 07:07:05:75 [37mdebug[39m: [37mlistening to port 8080[39m
2022-03-12 07:07:08:78 [37mdebug[39m: [37mlistening to port 8080[39m
2022-03-12 07:07:10:710 [37mdebug[39m: [37mfalse[39m
2022-03-12 07:07:10:710 [35mhttp[39m: [35mGET /api/v1/admin/login 304 - - 18.714 ms[39m
[35m[39m
2022-03-12 07:07:21:721 [37mdebug[39m: [37mlistening to port 8080[39m
2022-03-12 07:07:22:722 [37mdebug[39m: [37mlistening to port 8080[39m
2022-03-12 07:07:24:724 [37mdebug[39m: [37mfalse[39m
2022-03-12 07:07:24:724 [35mhttp[39m: [35mGET /api/v1/admin/login 304 - - 24.172 ms[39m
[35m[39m
2022-03-12 07:07:46:746 [37mdebug[39m: [37mlistening to port 8080[39m
2022-03-12 07:07:48:748 [37mdebug[39m: [37mlistening to port 8080[39m
2022-03-12 07:07:49:749 [37mdebug[39m: [37mfalse[39m
2022-03-12 07:07:49:749 [35mhttp[39m: [35mGET /api/v1/admin/login 304 - - 23.710 ms[39m
[35m[39m
2022-03-12 07:08:12:812 [37mdebug[39m: [37mfalse[39m
2022-03-12 07:08:12:812 [35mhttp[39m: [35mGET /api/v1/admin/login 200 43 - 15.599 ms[39m
[35m[39m
2022-03-12 07:08:12:812 [37mdebug[39m: [37mfalse[39m
2022-03-12 07:08:12:812 [35mhttp[39m: [35mGET /api/v1/admin/login 200 43 - 4.266 ms[39m
[35m[39m
2022-03-12 07:08:12:812 [37mdebug[39m: [37mfalse[39m
2022-03-12 07:08:12:812 [35mhttp[39m: [35mGET /api/v1/admin/login 200 43 - 1.424 ms[39m
[35m[39m
2022-03-12 07:08:12:812 [37mdebug[39m: [37mfalse[39m
2022-03-12 07:08:12:812 [35mhttp[39m: [35mGET /api/v1/admin/login 200 43 - 1.150 ms[39m
[35m[39m
2022-03-12 07:08:12:812 [37mdebug[39m: [37mfalse[39m
2022-03-12 07:08:12:812 [35mhttp[39m: [35mGET /api/v1/admin/login 200 43 - 1.230 ms[39m
[35m[39m
2022-03-12 07:08:12:812 [37mdebug[39m: [37mfalse[39m
2022-03-12 07:08:12:812 [35mhttp[39m: [35mGET /api/v1/admin/login 200 43 - 2.588 ms[39m
[35m[39m
2022-03-12 07:08:12:812 [37mdebug[39m: [37mfalse[39m
2022-03-12 07:08:12:812 [35mhttp[39m: [35mGET /api/v1/admin/login 200 43 - 1.190 ms[39m
[35m[39m
2022-03-12 07:08:12:812 [37mdebug[39m: [37mfalse[39m
2022-03-12 07:08:12:812 [35mhttp[39m: [35mGET /api/v1/admin/login 200 43 - 1.062 ms[39m
[35m[39m
2022-03-12 07:08:13:813 [37mdebug[39m: [37mfalse[39m
2022-03-12 07:08:13:813 [35mhttp[39m: [35mGET /api/v1/admin/login 200 43 - 1.152 ms[39m
[35m[39m
2022-03-12 07:09:41:941 [37mdebug[39m: [37mlistening to port 8080[39m
2022-03-12 07:09:44:944 [37mdebug[39m: [37mfalse[39m
2022-03-12 07:09:44:944 [35mhttp[39m: [35mGET /api/v1/admin/login 304 - - 16.203 ms[39m
[35m[39m
2022-03-12 07:09:49:949 [37mdebug[39m: [37mlistening to port 8080[39m
2022-03-12 07:09:52:952 [37mdebug[39m: [37mlistening to port 8080[39m
2022-03-12 07:09:54:954 [37mdebug[39m: [37mfalse[39m
2022-03-12 07:09:54:954 [35mhttp[39m: [35mGET /api/v1/admin/login 304 - - 22.371 ms[39m
[35m[39m
2022-03-12 07:09:55:955 [37mdebug[39m: [37mfalse[39m
2022-03-12 07:09:55:955 [35mhttp[39m: [35mGET /api/v1/admin/login 304 - - 6.381 ms[39m
[35m[39m
2022-03-12 07:09:55:955 [37mdebug[39m: [37mfalse[39m
2022-03-12 07:09:55:955 [35mhttp[39m: [35mGET /api/v1/admin/login 304 - - 2.731 ms[39m
[35m[39m
2022-03-12 07:09:56:956 [37mdebug[39m: [37mfalse[39m
2022-03-12 07:09:56:956 [35mhttp[39m: [35mGET /api/v1/admin/login 304 - - 1.630 ms[39m
[35m[39m
2022-03-12 07:09:56:956 [37mdebug[39m: [37mfalse[39m
2022-03-12 07:09:56:956 [35mhttp[39m: [35mGET /api/v1/admin/login 304 - - 1.940 ms[39m
[35m[39m
2022-03-12 07:10:10:1010 [37mdebug[39m: [37mfalse[39m
2022-03-12 07:10:10:1010 [35mhttp[39m: [35mGET /api/v1/admin/login 200 43 - 9.493 ms[39m
[35m[39m
2022-03-12 07:10:43:1043 [37mdebug[39m: [37mlistening to port 8080[39m
2022-03-12 07:10:47:1047 [37mdebug[39m: [37mlistening to port 8080[39m
2022-03-12 07:10:48:1048 [37mdebug[39m: [37mfalse[39m
2022-03-12 07:10:49:1049 [35mhttp[39m: [35mGET /api/v1/admin/login 304 - - 29.058 ms[39m
[35m[39m
2022-03-12 07:10:55:1055 [37mdebug[39m: [37mfalse[39m
2022-03-12 07:10:55:1055 [35mhttp[39m: [35mGET /api/v1/admin/login 200 43 - 11.817 ms[39m
[35m[39m
2022-03-12 07:11:14:1114 [37mdebug[39m: [37mlistening to port 8080[39m
2022-03-12 07:11:15:1115 [37mdebug[39m: [37mlistening to port 8080[39m
2022-03-12 07:11:18:1118 [37mdebug[39m: [37mfalse[39m
2022-03-12 07:11:18:1118 [35mhttp[39m: [35mGET /api/v1/admin/login 304 - - 15.939 ms[39m
[35m[39m
2022-03-12 07:11:18:1118 [37mdebug[39m: [37mfalse[39m
2022-03-12 07:11:18:1118 [35mhttp[39m: [35mGET /api/v1/admin/login 304 - - 5.244 ms[39m
[35m[39m
2022-03-12 07:11:19:1119 [37mdebug[39m: [37mfalse[39m
2022-03-12 07:11:19:1119 [35mhttp[39m: [35mGET /api/v1/admin/login 200 43 - 3.178 ms[39m
[35m[39m
2022-03-12 07:11:20:1120 [37mdebug[39m: [37mfalse[39m
2022-03-12 07:11:20:1120 [35mhttp[39m: [35mGET /api/v1/admin/login 200 43 - 1.231 ms[39m
[35m[39m
2022-03-12 07:11:20:1120 [37mdebug[39m: [37mfalse[39m
2022-03-12 07:11:20:1120 [35mhttp[39m: [35mGET /api/v1/admin/login 200 43 - 1.404 ms[39m
[35m[39m
2022-03-12 07:11:20:1120 [37mdebug[39m: [37mfalse[39m
2022-03-12 07:11:20:1120 [35mhttp[39m: [35mGET /api/v1/admin/login 200 43 - 1.266 ms[39m
[35m[39m
2022-03-12 07:11:20:1120 [37mdebug[39m: [37mfalse[39m
2022-03-12 07:11:20:1120 [35mhttp[39m: [35mGET /api/v1/admin/login 200 43 - 1.347 ms[39m
[35m[39m
2022-03-12 07:11:20:1120 [37mdebug[39m: [37mfalse[39m
2022-03-12 07:11:20:1120 [35mhttp[39m: [35mGET /api/v1/admin/login 200 43 - 1.437 ms[39m
[35m[39m
2022-03-12 07:11:30:1130 [37mdebug[39m: [37mlistening to port 8080[39m
2022-03-12 07:11:32:1132 [37mdebug[39m: [37mfalse[39m
2022-03-12 07:11:32:1132 [35mhttp[39m: [35mGET /api/v1/admin/login 304 - - 23.242 ms[39m
[35m[39m
2022-03-12 07:13:01:131 [37mdebug[39m: [37mfalse[39m
2022-03-12 07:13:01:131 [35mhttp[39m: [35mGET /api/v1/admin/login 304 - - 10.678 ms[39m
[35m[39m
2022-03-12 07:13:06:136 [37mdebug[39m: [37mlistening to port 8080[39m
2022-03-12 07:13:07:137 [35mhttp[39m: [35mGET /api/v1/admin/login 404 157 - 8.582 ms[39m
[35m[39m
2022-03-12 07:13:21:1321 [37mdebug[39m: [37mlistening to port 8080[39m
2022-03-12 07:14:01:141 [37mdebug[39m: [37m../routes/adminAuth/index[39m
2022-03-12 07:14:01:141 [37mdebug[39m: [37mlistening to port 8080[39m
2022-03-12 07:14:03:143 [37mdebug[39m: [37m../routes/adminAuth/index[39m
2022-03-12 07:14:03:143 [37mdebug[39m: [37mlistening to port 8080[39m
2022-03-12 07:14:05:145 [37mdebug[39m: [37mfalse[39m
2022-03-12 07:14:05:145 [35mhttp[39m: [35mGET /api/v1/admin/login 200 43 - 21.497 ms[39m
[35m[39m
2022-03-12 07:14:21:1421 [37mdebug[39m: [37m../routes/adminAuth/goh[39m
2022-03-12 07:14:21:1421 [37mdebug[39m: [37mlistening to port 8080[39m
2022-03-12 07:14:25:1425 [37mdebug[39m: [37m../routes/adminAuth/index[39m
2022-03-12 07:14:25:1425 [37mdebug[39m: [37mlistening to port 8080[39m
2022-03-12 07:14:59:1459 [37mdebug[39m: [37m../routes/adminAuth/index[39m
2022-03-12 07:14:59:1459 [37mdebug[39m: [37mlistening to port 8080[39m
2022-03-12 07:15:14:1514 [37mdebug[39m: [37mfalse[39m
2022-03-12 07:15:14:1514 [35mhttp[39m: [35mGET /api/v1/admin/login 304 - - 16.171 ms[39m
[35m[39m
2022-03-12 07:16:37:1637 [37mdebug[39m: [37m../routes/adminAuth/index[39m
2022-03-12 07:16:37:1637 [37mdebug[39m: [37mlistening to port 8080[39m
2022-03-12 07:16:43:1643 [37mdebug[39m: [37m../routes/adminAuth/index[39m
2022-03-12 07:16:43:1643 [37mdebug[39m: [37mlistening to port 8080[39m
2022-03-12 07:17:08:178 [37mdebug[39m: [37m../routes/adminAuth/index[39m
2022-03-12 07:17:08:178 [37mdebug[39m: [37mlistening to port 8080[39m
2022-03-12 07:17:38:1738 [37mdebug[39m: [37m../routes/adminAuth/index[39m
2022-03-12 07:17:38:1738 [37mdebug[39m: [37mlistening to port 8080[39m
2022-03-12 07:18:08:188 [37mdebug[39m: [37mlistening to port 8080[39m
2022-03-12 07:18:16:1816 [37mdebug[39m: [37mlistening to port 8080[39m
2022-03-12 07:18:39:1839 [37mdebug[39m: [37mlistening to port 8080[39m
2022-03-12 07:18:41:1841 [37mdebug[39m: [37mfalse[39m
2022-03-12 07:18:41:1841 [37mdebug[39m: [37mthe middleware is working ![39m
2022-03-12 07:18:41:1841 [31merror[39m: [31mnext is not a function[39m
2022-03-12 07:18:41:1841 [35mhttp[39m: [35mGET /api/v1/admin/login 500 37 - 26.040 ms[39m
[35m[39m
2022-03-12 07:18:54:1854 [37mdebug[39m: [37mlistening to port 8080[39m
2022-03-12 07:18:54:1854 [37mdebug[39m: [37mfalse[39m
2022-03-12 07:18:54:1854 [35mhttp[39m: [35mGET /api/v1/admin/login 200 43 - 16.761 ms[39m
[35m[39m
2022-03-12 07:18:59:1859 [37mdebug[39m: [37mlistening to port 8080[39m
2022-03-12 07:19:00:190 [37mdebug[39m: [37mfalse[39m
2022-03-12 07:19:00:190 [37mdebug[39m: [37mthe middleware is working ![39m
2022-03-12 07:19:00:190 [31merror[39m: [31mnext is not a function[39m
2022-03-12 07:19:00:190 [35mhttp[39m: [35mGET /api/v1/admin/login 500 37 - 26.094 ms[39m
[35m[39m
2022-03-12 07:19:12:1912 [37mdebug[39m: [37mlistening to port 8080[39m
2022-03-12 07:19:17:1917 [37mdebug[39m: [37mtrue[39m
2022-03-12 07:19:17:1917 [37mdebug[39m: [37mthe middleware is working ![39m
2022-03-12 07:19:17:1917 [37mdebug[39m: [37mfalse[39m
2022-03-12 07:19:17:1917 [35mhttp[39m: [35mGET /api/v1/admin/login 200 43 - 17.750 ms[39m
[35m[39m
2022-03-12 07:24:12:2412 [37mdebug[39m: [37mlistening to port 8080[39m
