2022-03-11 13:54:09:549 [31merror[39m: [31mCannot find module '../../controllers/adminAuth/index'[39m
[31mRequire stack:[39m
[31m- /Users/kouroshtajalliepour/Documents/work-space/test-microservice/nodetspractice/dist/src/application/modules/getFunctions.js[39m
[31m- /Users/kouroshtajalliepour/Documents/work-space/test-microservice/nodetspractice/dist/src/application/setRoutes.js[39m
[31m- /Users/kouroshtajalliepour/Documents/work-space/test-microservice/nodetspractice/dist/src/application/index.js[39m
[31m- /Users/kouroshtajalliepour/Documents/work-space/test-microservice/nodetspractice/dist/server.js[39m
2022-03-11 13:57:20:5720 [31merror[39m: [31mitems.forEach is not a function[39m
2022-03-11 13:57:33:5733 [31merror[39m: [31mitems.forEach is not a function[39m
2022-03-11 13:58:15:5815 [31merror[39m: [31mitems.forEach is not a function[39m
2022-03-11 13:58:18:5818 [31merror[39m: [31mitems.forEach is not a function[39m
2022-03-11 13:58:25:5825 [31merror[39m: [31mCannot destructure property 'port' of 'keys.serverInfo' as it is undefined.[39m
2022-03-11 13:58:25:5825 [31merror[39m: [31mitems.forEach is not a function[39m
2022-03-11 13:58:35:5835 [31merror[39m: [31mCannot destructure property 'port' of 'keys.serverInfo' as it is undefined.[39m
2022-03-11 13:58:35:5835 [31merror[39m: [31mitems.forEach is not a function[39m
2022-03-12 06:51:27:5127 [31merror[39m: [31mrequire(...) is not a function[39m
2022-03-12 06:52:00:520 [31merror[39m: [31mrequire(...) is not a function[39m
2022-03-12 06:52:06:526 [31merror[39m: [31mrequire(...) is not a function[39m
2022-03-12 06:57:00:570 [31merror[39m: [31mcontroller is not a function[39m
2022-03-12 06:58:46:5846 [31merror[39m: [31mCannot read property 'headers' of undefined[39m
2022-03-12 07:00:28:028 [31merror[39m: [31mCannot read property 'headers' of undefined[39m
2022-03-12 07:18:41:1841 [31merror[39m: [31mnext is not a function[39m
2022-03-12 07:19:00:190 [31merror[39m: [31mnext is not a function[39m
